<?xml version="1.0" encoding="UTF-8"?>
<!-- Generated by org.testng.reporters.JUnitReportReporter -->
<testsuite hostname="DESKTOP-57QL2OO" failures="0" tests="4" name="LibraryAPI" time="5.296" errors="0" timestamp="2023-08-02T23:13:23 IST" skipped="0">
  <testcase classname="LibraryAPI" name="addBook" time="3.342"/>
  <testcase classname="LibraryAPI" name="getBookUsingAuthor" time="1.592"/>
  <testcase classname="LibraryAPI" name="getBookUsingID" time="0.187"/>
  <testcase classname="LibraryAPI" name="DeleteBookUsingID" time="0.175"/>
</testsuite> <!-- LibraryAPI -->
