<?xml version="1.0" encoding="UTF-8"?>
<!-- Generated by org.testng.reporters.JUnitReportReporter -->
<testsuite hostname="PF1RW7XK" failures="0" tests="1" name="ComplexCourseApiCalculations" time="3.304" errors="0" timestamp="2023-12-18T18:26:29 IST" skipped="0">
  <testcase classname="ComplexCourseApiCalculations" name="CourseAPIoperns" time="3.304"/>
</testsuite> <!-- ComplexCourseApiCalculations -->
