<?xml version="1.0" encoding="UTF-8"?>
<!-- Generated by org.testng.reporters.JUnitReportReporter -->
<testsuite hostname="DESKTOP-57QL2OO" failures="0" tests="1" name="ComplexCourseApiCalculations" time="2.318" errors="0" timestamp="2023-08-02T23:30:42 IST" skipped="0">
  <testcase classname="ComplexCourseApiCalculations" name="CourseAPIoperns" time="2.318"/>
</testsuite> <!-- ComplexCourseApiCalculations -->
